

times in msec
 clock   self+sourced   self:  sourced script
 clock   elapsed:              other lines

000.006  000.006: --- NVIM STARTING ---
000.214  000.208: event init
000.303  000.089: early init
000.483  000.180: locale set
000.524  000.041: init first window
000.825  000.300: inits 1
000.839  000.014: window checked
000.842  000.003: parsing arguments
001.442  000.087  000.087: require('vim.shared')
001.530  000.040  000.040: require('vim.inspect')
001.580  000.036  000.036: require('vim._options')
001.582  000.133  000.056: require('vim._editor')
001.584  000.295  000.075: require('vim._init_packages')
001.586  000.450: init lua interpreter
001.663  000.077: expanding arguments
001.697  000.033: inits 2
002.087  000.391: init highlight
002.091  000.003: waiting for UI
002.213  000.122: done waiting for UI
002.220  000.007: clear screen
002.259  000.006  000.006: require('vim.keymap')
003.607  001.041  001.041: require('vim.termcap')
003.748  000.121  000.121: require('vim.text')
003.849  001.625  000.456: require('vim._defaults')
003.853  000.008: init default mappings & autocommands
004.046  000.075  000.075: sourcing /usr/share/nvim/runtime/ftplugin.vim
004.233  000.039  000.039: sourcing /usr/share/nvim/runtime/indent.vim
004.526  000.180  000.180: require('saphal.remap')
006.894  000.225  000.225: require('packer.util')
006.929  002.034  001.809: require('packer')
007.374  000.443  000.443: require('packer.log')
008.089  000.185  000.185: require('packer.async')
008.460  000.124  000.124: require('packer.result')
008.464  000.371  000.247: require('packer.jobs')
008.471  001.050  000.494: require('packer.plugin_utils')
008.752  000.267  000.267: require('packer.snapshot')
008.944  004.414  000.619: require('saphal.packer')
009.338  000.392  000.392: require('saphal.set')
009.343  005.015  000.029: sourcing /home/cheyatz/.config/nvim/init.lua
009.354  000.372: sourcing vimrc file(s)
009.908  000.358  000.358: sourcing /usr/share/nvim/runtime/filetype.lua
010.236  000.106  000.106: sourcing /usr/share/nvim/runtime/syntax/synload.vim
010.374  000.382  000.276: sourcing /usr/share/nvim/runtime/syntax/syntax.vim
011.327  000.380  000.380: sourcing /home/cheyatz/.config/nvim/plugin/packer_compiled.lua
011.782  000.187  000.187: sourcing /usr/share/nvim/runtime/plugin/gzip.vim
012.266  000.237  000.237: sourcing /usr/share/nvim/runtime/pack/dist/opt/matchit/plugin/matchit.vim
012.315  000.519  000.282: sourcing /usr/share/nvim/runtime/plugin/matchit.vim
012.487  000.159  000.159: sourcing /usr/share/nvim/runtime/plugin/matchparen.vim
012.849  000.346  000.346: sourcing /usr/share/nvim/runtime/plugin/netrwPlugin.vim
013.020  000.009  000.009: sourcing /home/cheyatz/.local/share/nvim/rplugin.vim
013.029  000.155  000.146: sourcing /usr/share/nvim/runtime/plugin/rplugin.vim
013.103  000.060  000.060: sourcing /usr/share/nvim/runtime/plugin/shada.vim
013.148  000.021  000.021: sourcing /usr/share/nvim/runtime/plugin/spellfile.vim
013.266  000.101  000.101: sourcing /usr/share/nvim/runtime/plugin/tarPlugin.vim
013.380  000.091  000.091: sourcing /usr/share/nvim/runtime/plugin/tohtml.vim
013.415  000.017  000.017: sourcing /usr/share/nvim/runtime/plugin/tutor.vim
013.618  000.187  000.187: sourcing /usr/share/nvim/runtime/plugin/zipPlugin.vim
013.696  000.052  000.052: sourcing /usr/share/nvim/runtime/plugin/editorconfig.lua
013.779  000.065  000.065: sourcing /usr/share/nvim/runtime/plugin/man.lua
013.855  000.058  000.058: sourcing /usr/share/nvim/runtime/plugin/nvim.lua
015.269  001.352  001.352: require('vim.iter')
015.293  001.420  000.068: sourcing /usr/share/nvim/runtime/plugin/osc52.lua
015.311  001.403: loading rtp plugins
015.588  000.027  000.027: sourcing /home/cheyatz/.local/share/nvim/site/pack/packer/start/LuaSnip/plugin/luasnip.vim
016.872  001.179  001.179: require('vim.filetype')
017.374  000.029  000.029: require('luasnip.util.types')
017.378  000.122  000.093: require('luasnip.util.ext_opts')
017.569  000.025  000.025: require('luasnip.util.lazy_table')
017.627  000.055  000.055: require('luasnip.extras.filetype_functions')
017.662  000.242  000.161: require('luasnip.default_config')
017.665  000.284  000.042: require('luasnip.session')
017.667  000.577  000.170: require('luasnip.config')
018.431  000.285  000.285: require('luasnip.util.util')
018.802  000.028  000.028: require('luasnip.nodes.key_indexer')
018.807  000.373  000.345: require('luasnip.nodes.util')
019.025  000.039  000.039: require('luasnip.session.snippet_collection.source')
019.058  000.030  000.030: require('luasnip.util.table')
019.110  000.051  000.051: require('luasnip.util.auto_table')
019.116  000.307  000.189: require('luasnip.session.snippet_collection')
019.461  000.104  000.104: require('luasnip.util.select')
019.579  000.350  000.247: require('luasnip.util._builtin_vars')
019.624  000.506  000.156: require('luasnip.util.environ')
019.690  000.064  000.064: require('luasnip.util.extend_decorator')
020.010  000.183  000.183: require('luasnip.util.path')
020.347  000.131  000.131: require('luasnip.util.log')
020.355  000.342  000.211: require('luasnip.loaders.util')
020.400  000.007  000.007: require('vim.F')
020.406  000.049  000.043: require('luasnip.loaders.data')
020.795  000.387  000.387: require('luasnip.loaders.fs_watchers')
020.800  001.108  000.146: require('luasnip.loaders')
020.820  003.142  000.499: require('luasnip')
020.851  005.241  000.343: sourcing /home/cheyatz/.local/share/nvim/site/pack/packer/start/LuaSnip/plugin/luasnip.lua
021.068  000.031  000.031: sourcing /home/cheyatz/.local/share/nvim/site/pack/packer/start/lsp-zero.nvim/plugin/lsp-zero.vim
021.376  000.127  000.127: require('cmp.utils.api')
021.548  000.099  000.099: require('cmp.types.cmp')
021.920  000.198  000.198: require('cmp.utils.misc')
021.937  000.387  000.189: require('cmp.types.lsp')
021.991  000.052  000.052: require('cmp.types.vim')
021.994  000.615  000.076: require('cmp.types')
022.071  000.076  000.076: require('cmp.utils.highlight')
022.251  000.093  000.093: require('cmp.utils.debug')
022.259  000.186  000.093: require('cmp.utils.autocmd')
022.579  001.413  000.409: sourcing /home/cheyatz/.local/share/nvim/site/pack/packer/start/nvim-cmp/plugin/cmp.lua
025.043  000.203  000.203: require('vim.lsp.log')
025.641  000.592  000.592: require('vim.lsp.protocol')
027.274  000.327  000.327: require('vim.lsp._snippet_grammar')
027.415  000.138  000.138: require('vim.highlight')
027.431  001.785  001.320: require('vim.lsp.util')
027.446  003.072  000.493: require('vim.lsp.handlers')
027.923  000.474  000.474: require('vim.lsp.rpc')
028.184  000.258  000.258: require('vim.lsp.sync')
028.651  000.464  000.464: require('vim.lsp.semantic_tokens')
029.171  000.516  000.516: require('vim.lsp.buf')
029.569  000.395  000.395: require('vim.lsp.diagnostic')
029.895  000.322  000.322: require('vim.lsp.codelens')
030.246  000.348  000.348: require('vim.lsp.inlay_hint')
030.304  007.425  001.576: require('vim.lsp')
030.366  007.693  000.269: sourcing /home/cheyatz/.local/share/nvim/site/pack/packer/start/nvim-lspconfig/plugin/lspconfig.lua
030.536  000.054  000.054: sourcing /home/cheyatz/.local/share/nvim/site/pack/packer/start/nvim-web-devicons/plugin/nvim-web-devicons.vim
030.653  000.040  000.040: sourcing /home/cheyatz/.local/share/nvim/site/pack/packer/start/plenary.nvim/plugin/plenary.vim
031.055  000.331  000.331: sourcing /home/cheyatz/.local/share/nvim/site/pack/packer/start/telescope.nvim/plugin/telescope.lua
031.188  001.046: loading packages
032.457  000.139  000.139: require('cmp.utils.char')
032.466  000.304  000.165: require('cmp.utils.str')
033.308  000.276  000.276: require('cmp.utils.buffer')
033.332  000.755  000.479: require('cmp.utils.keymap')
033.343  000.876  000.121: require('cmp.utils.feedkeys')
035.042  000.369  000.369: require('cmp.config.mapping')
035.190  000.140  000.140: require('cmp.utils.cache')
035.870  000.429  000.429: require('cmp.config.compare')
035.876  000.677  000.247: require('cmp.config.default')
035.908  001.784  000.599: require('cmp.config')
035.948  002.600  000.816: require('cmp.utils.async')
036.420  000.109  000.109: require('cmp.utils.pattern')
036.457  000.506  000.397: require('cmp.context')
038.663  000.361  000.361: require('cmp.matcher')
038.672  001.423  001.062: require('cmp.entry')
038.681  002.222  000.799: require('cmp.source')
039.158  000.099  000.099: require('cmp.utils.event')
039.691  000.077  000.077: require('cmp.utils.options')
039.698  000.367  000.291: require('cmp.utils.window')
039.701  000.538  000.171: require('cmp.view.docs_view')
040.161  000.458  000.458: require('cmp.view.custom_entries_view')
040.483  000.319  000.319: require('cmp.view.wildmenu_entries_view')
040.751  000.264  000.264: require('cmp.view.native_entries_view')
040.945  000.191  000.191: require('cmp.view.ghost_text_view')
040.959  002.276  000.407: require('cmp.view')
041.352  009.705  000.922: require('cmp.core')
041.612  000.108  000.108: require('cmp.config.sources')
041.700  000.084  000.084: require('cmp.config.window')
041.779  010.513  000.616: require('cmp')
042.390  000.081  000.081: require('cmp_buffer.timer')
042.398  000.407  000.326: require('cmp_buffer.buffer')
042.402  000.574  000.167: require('cmp_buffer.source')
042.405  000.622  000.048: require('cmp_buffer')
042.539  011.286  000.151: sourcing /home/cheyatz/.local/share/nvim/site/pack/packer/start/cmp-buffer/after/plugin/cmp_buffer.lua
043.068  000.172  000.172: require('cmp_nvim_lsp.source')
043.074  000.366  000.194: require('cmp_nvim_lsp')
043.103  000.416  000.049: sourcing /home/cheyatz/.local/share/nvim/site/pack/packer/start/cmp-nvim-lsp/after/plugin/cmp_nvim_lsp.lua
043.357  000.143  000.143: require('cmp_nvim_lua')
043.416  000.221  000.078: sourcing /home/cheyatz/.local/share/nvim/site/pack/packer/start/cmp-nvim-lua/after/plugin/cmp_nvim_lua.lua
043.796  000.271  000.271: require('cmp_path')
043.835  000.328  000.056: sourcing /home/cheyatz/.local/share/nvim/site/pack/packer/start/cmp-path/after/plugin/cmp_path.lua
044.174  000.186  000.186: require('cmp_luasnip')
044.463  000.504  000.317: sourcing /home/cheyatz/.local/share/nvim/site/pack/packer/start/cmp_luasnip/after/plugin/cmp_luasnip.lua
045.019  000.258  000.258: require('catppuccin')
045.132  000.046  000.046: require('catppuccin.lib.hashing')
046.348  001.603  001.299: sourcing /home/cheyatz/.local/share/nvim/site/pack/packer/start/catppuccin/colors/catppuccin-mocha.vim
046.639  002.018  000.415: sourcing /home/cheyatz/.config/nvim/after/plugin/colors.lua
047.030  000.142  000.142: require('gitsigns.async')
047.517  000.484  000.484: require('gitsigns.config')
047.624  000.104  000.104: require('gitsigns.debug.log')
047.628  000.914  000.183: require('gitsigns')
047.775  001.101  000.187: sourcing /home/cheyatz/.config/nvim/after/plugin/gitsigns.lua
048.229  000.079  000.079: require('lsp-zero.presets')
048.583  000.045  000.045: require('lsp-zero.settings')
048.591  000.359  000.314: require('lsp-zero.server')
048.597  000.756  000.318: require('lsp-zero')
048.808  000.172  000.172: require('lsp-zero.nvim-cmp-setup')
049.623  000.038  000.038: require('luasnip.session.enqueueable_operations')
049.913  000.286  000.286: require('luasnip.util.jsonc')
051.213  000.037  000.037: require('luasnip.util.events')
051.226  000.405  000.369: require('luasnip.nodes.node')
051.600  000.373  000.373: require('luasnip.nodes.insertNode')
051.726  000.122  000.122: require('luasnip.nodes.textNode')
051.882  000.153  000.153: require('luasnip.util.mark')
051.994  000.109  000.109: require('luasnip.util.pattern_tokenizer')
052.055  000.059  000.059: require('luasnip.util.dict')
052.561  000.424  000.424: require('luasnip.util.jsregexp')
052.566  000.507  000.083: require('luasnip.nodes.util.trig_engines')
052.647  002.624  000.896: require('luasnip.nodes.snippet')
052.653  002.678  000.054: require('luasnip.nodes.duplicate')
052.656  002.740  000.062: require('luasnip.loaders.snippet_cache')
052.667  003.396  000.332: require('luasnip.loaders.from_vscode')
058.025  000.212  000.212: require('luasnip.util.parser.neovim_ast')
058.323  000.287  000.287: require('luasnip.util.str')
058.867  000.536  000.536: require('luasnip.util.jsregexp')
059.370  000.468  000.468: require('luasnip.util.directed_graph')
059.378  002.036  000.534: require('luasnip.util.parser.ast_utils')
059.802  000.420  000.420: require('luasnip.nodes.functionNode')
060.725  000.920  000.920: require('luasnip.nodes.choiceNode')
061.483  000.751  000.751: require('luasnip.nodes.dynamicNode')
061.690  000.201  000.201: require('luasnip.util.functions')
061.699  004.856  000.527: require('luasnip.util.parser.ast_parser')
062.492  000.791  000.791: require('luasnip.util.parser.neovim_parser')
062.508  005.921  000.274: require('luasnip.util.parser')
062.514  006.184  000.263: require('luasnip.nodes.snippetProxy')
062.652  000.135  000.135: require('luasnip.nodes.multiSnippet')
064.384  015.562  005.848: require('lsp-zero.snippets')
068.175  001.131  001.131: require('vim.diagnostic')
068.339  000.158  000.158: require('lsp-zero.installer')
068.506  000.088  000.088: require('mason-core.path')
068.844  000.148  000.148: require('mason-core.functional')
069.033  000.056  000.056: require('mason-core.functional.data')
069.039  000.180  000.124: require('mason-core.functional.function')
069.123  000.066  000.066: require('mason-core.functional.relation')
069.204  000.076  000.076: require('mason-core.functional.logic')
069.217  000.709  000.239: require('mason-core.platform')
069.316  000.097  000.097: require('mason.settings')
069.319  000.976  000.082: require('mason')
069.667  000.192  000.192: require('mason-core.log')
069.723  000.054  000.054: require('mason-lspconfig.settings')
069.727  000.406  000.160: require('mason-lspconfig')
070.401  000.181  000.181: require('mason-core.functional.list')
070.514  000.108  000.108: require('mason-core.functional.string')
070.538  000.541  000.252: require('mason.api.command')
070.666  000.122  000.122: require('mason-registry.sources')
070.950  000.045  000.045: require('mason-lspconfig.notify')
070.955  000.156  000.110: require('mason-lspconfig.lspconfig_hook')
071.268  000.312  000.312: require('lspconfig.util')
071.496  000.093  000.093: require('mason-core.functional.table')
071.513  000.242  000.149: require('mason-lspconfig.mappings.server')
071.764  000.083  000.083: require('mason-core.EventEmitter')
071.859  000.093  000.093: require('mason-core.optional')
072.168  000.165  000.165: require('mason-core.async')
072.225  000.054  000.054: require('mason-core.async.uv')
072.230  000.369  000.150: require('mason-core.fs')
072.246  000.732  000.187: require('mason-registry')
072.294  000.046  000.046: require('mason-lspconfig.server_config_extensions')
072.612  000.091  000.091: require('lspconfig.async')
072.616  000.320  000.229: require('lspconfig.configs')
072.720  000.102  000.102: require('lspconfig.server_configurations.omnisharp')
073.037  000.064  000.064: require('mason-core.functional.number')
073.060  000.252  000.188: require('mason-lspconfig.api.command')
073.235  000.073  000.073: require('lsp-zero.utils')
073.241  000.179  000.105: require('lsp-zero.state')
073.542  000.093  000.093: require('lspconfig')
073.650  000.072  000.072: require('lspconfig.server_configurations.tsserver')
074.308  000.238  000.238: require('lspconfig.manager')
074.493  000.172  000.172: require('lspconfig.server_configurations.rust_analyzer')
075.051  000.072  000.072: require('lspconfig.server_configurations.pylsp')
075.767  000.285  000.285: require('mason-core.result')
076.467  000.137  000.137: require('mason-core.receipt')
076.834  000.225  000.225: require('mason-core.process')
076.932  000.462  000.236: require('mason-core.spawn')
076.955  000.932  000.333: require('mason-core.installer.context')
077.102  000.145  000.145: require('mason-core.async.control')
077.253  000.149  000.149: require('mason-core.installer.linker')
077.259  001.486  000.260: require('mason-core.installer')
077.368  000.108  000.108: require('mason-core.providers')
077.384  002.072  000.194: require('mason-core.managers.pip3')
077.387  002.163  000.091: require('mason-lspconfig.server_configurations.pylsp')
077.788  000.195  000.195: require('lspconfig.server_configurations.eslint')
078.448  000.111  000.111: require('mason-lspconfig.ensure_installed')
078.943  000.084  000.084: require('mason-core.managers.powershell')
079.003  000.058  000.058: require('mason.version')
079.007  000.321  000.179: require('mason-core.fetch')
079.699  000.318  000.318: require('mason-core.purl')
079.723  000.641  000.323: require('mason-core.package')
080.463  000.168  000.168: require('mason-core.installer.registry.expr')
080.479  000.487  000.319: require('mason-core.installer.registry.link')
080.932  000.296  000.296: require('mason-core.installer.managers.std')
080.936  000.455  000.159: require('mason-core.installer.registry.schemas')
081.064  000.127  000.127: require('mason-core.installer.registry.util')
081.080  001.355  000.287: require('mason-core.installer.registry')
081.083  002.074  000.077: require('mason-registry.sources.util')
081.096  002.638  000.244: require('mason-registry.sources.github')
085.204  037.403  009.481: sourcing /home/cheyatz/.config/nvim/after/plugin/lsp.lua
085.917  000.125  000.125: require('lualine_require')
086.224  000.962  000.837: require('lualine')
087.075  000.066  000.066: require('catppuccin.utils.lualine')
087.131  000.052  000.052: require('catppuccin.palettes')
087.174  000.040  000.040: require('catppuccin.palettes.mocha')
088.371  000.082  000.082: require('lualine.utils.mode')
090.718  005.467  004.266: sourcing /home/cheyatz/.config/nvim/after/plugin/lualine.lua
091.473  000.129  000.129: require('nvim-tree.notify')
092.633  000.354  000.354: require('nvim-tree.events')
093.398  000.172  000.172: require('nvim-tree.log')
094.279  000.145  000.145: require('nvim-tree.iterators.node-iterator')
094.347  000.945  000.800: require('nvim-tree.utils')
094.579  000.231  000.231: require('nvim-tree.git.utils')
094.890  000.308  000.308: require('nvim-tree.git.runner')
095.277  000.384  000.384: require('nvim-tree.watcher')
095.539  000.260  000.260: require('nvim-tree.explorer.node')
095.545  002.758  000.458: require('nvim-tree.git')
095.752  000.205  000.205: require('nvim-tree.explorer.watch')
096.080  000.132  000.132: require('nvim-tree.explorer.node-builders')
096.420  000.336  000.336: require('nvim-tree.explorer.sorters')
096.634  000.211  000.211: require('nvim-tree.explorer.filters')
097.318  000.403  000.403: require('nvim-tree.view')
097.325  000.689  000.286: require('nvim-tree.live-filter')
097.328  001.574  000.205: require('nvim-tree.explorer.explore')
097.527  000.196  000.196: require('nvim-tree.explorer.reload')
097.533  004.897  000.164: require('nvim-tree.explorer')
097.538  005.346  000.095: require('nvim-tree.core')
097.698  000.074  000.074: require('nvim-tree.modified')
097.702  000.161  000.088: require('nvim-tree.renderer.components.modified')
097.845  000.141  000.141: require('nvim-tree.renderer.components.padding')
097.966  000.119  000.119: require('nvim-tree.renderer.components.icons')
098.095  000.126  000.126: require('nvim-tree.renderer.components.full-name')
098.572  000.475  000.475: require('nvim-tree.renderer.components.git')
098.853  000.072  000.072: require('nvim-tree.enum')
098.859  000.277  000.205: require('nvim-tree.renderer.components.diagnostics')
099.471  000.127  000.127: require('nvim-tree.marks')
099.477  000.223  000.096: require('nvim-tree.renderer.components.bookmarks')
099.486  000.624  000.402: require('nvim-tree.renderer.builder')
099.494  007.533  000.263: require('nvim-tree.renderer')
099.501  007.899  000.366: require('nvim-tree.lib')
099.623  000.119  000.119: require('nvim-tree.actions.finders.find-file')
099.626  008.144  000.126: require('nvim-tree.actions.tree.open')
099.722  000.093  000.093: require('nvim-tree.actions.tree.toggle')
099.834  000.107  000.107: require('nvim-tree.actions.reloaders.reloaders')
099.903  000.065  000.065: require('nvim-tree.actions.root.dir-up')
099.993  000.087  000.087: require('nvim-tree.actions.tree.find-file')
100.103  000.107  000.107: require('nvim-tree.actions.finders.search-node')
100.193  000.088  000.088: require('nvim-tree.actions.tree-modifiers.collapse-all')
100.400  000.125  000.125: require('nvim-tree.actions.tree-modifiers.expand-all')
100.481  000.077  000.077: require('nvim-tree.actions.tree-modifiers.toggles')
100.868  000.187  000.187: require('nvim-tree.keymap')
100.874  000.388  000.201: require('nvim-tree.help')
101.010  000.133  000.133: require('nvim-tree.actions.fs.create-file')
101.163  000.151  000.151: require('nvim-tree.actions.fs.remove-file')
101.307  000.140  000.140: require('nvim-tree.actions.fs.trash')
101.436  000.126  000.126: require('nvim-tree.actions.fs.rename-file')
101.708  000.266  000.266: require('nvim-tree.actions.fs.copy-paste')
101.827  000.110  000.110: require('nvim-tree.actions.node.file-popup')
101.895  000.065  000.065: require('nvim-tree.actions.node.run-command')
101.997  000.100  000.100: require('nvim-tree.actions.node.system-open')
102.088  000.088  000.088: require('nvim-tree.actions.moves.sibling')
102.168  000.076  000.076: require('nvim-tree.actions.moves.parent')
102.257  000.086  000.086: require('nvim-tree.actions.moves.item')
102.352  000.085  000.085: require('nvim-tree.marks.bulk-delete')
102.434  000.079  000.079: require('nvim-tree.marks.bulk-trash')
102.521  000.086  000.086: require('nvim-tree.marks.bulk-move')
102.909  000.269  000.269: require('nvim-tree.actions.node.open-file')
102.914  000.377  000.108: require('nvim-tree.marks.navigation')
102.918  012.025  000.648: require('nvim-tree.api')
103.715  000.187  000.187: require('nvim-tree.colors')
103.839  000.120  000.120: require('nvim-tree.commands')
103.958  000.117  000.117: require('nvim-tree.actions.root.change-dir')
104.057  000.097  000.097: require('nvim-tree.legacy')
104.096  001.136  000.616: require('nvim-tree')
104.313  000.073  000.073: require('nvim-tree.actions')
104.673  000.150  000.150: require('nvim-tree.diagnostics')
106.125  001.040  001.040: require('nvim-web-devicons.icons-default')
106.188  001.439  000.399: require('nvim-web-devicons')
109.271  018.408  003.585: sourcing /home/cheyatz/.config/nvim/after/plugin/nvimtree.lua
109.691  000.324  000.324: require('telescope.builtin')
109.961  000.105  000.105: require('telescope._extensions')
109.966  000.247  000.143: require('telescope')
111.339  000.232  000.232: require('plenary.bit')
111.447  000.105  000.105: require('plenary.functional')
111.475  000.019  000.019: require('ffi')
111.493  000.991  000.636: require('plenary.path')
111.505  001.206  000.215: require('plenary.strings')
111.585  000.078  000.078: require('telescope.deprecated')
112.265  000.239  000.239: require('plenary.log')
112.285  000.325  000.086: require('telescope.log')
113.087  000.386  000.386: require('plenary.job')
113.175  000.086  000.086: require('telescope.state')
113.182  000.895  000.424: require('telescope.utils')
113.187  001.600  000.380: require('telescope.sorters')
115.022  005.054  002.170: require('telescope.config')
115.977  006.647  001.021: sourcing /home/cheyatz/.config/nvim/after/plugin/telescope.lua
115.987  001.001: loading after plugins
115.998  000.011: inits 3
130.579  014.581: reading ShaDa
131.382  000.461  000.461: require('luasnip.loaders.from_lua')
131.960  000.571  000.571: require('luasnip.loaders.from_snipmate')
131.984  000.374: opening buffers
132.114  000.130: BufEnter autocommands
132.119  000.005: editing files in windows
132.151  000.032: VimEnter autocommands
132.154  000.003: UIEnter autocommands
132.554  000.227  000.227: sourcing /usr/share/nvim/runtime/autoload/provider/clipboard.vim
132.564  000.183: before starting main loop
132.885  000.321: first screen update
132.887  000.003: --- NVIM STARTED ---


times in msec
 clock   self+sourced   self:  sourced script
 clock   elapsed:              other lines

000.008  000.008: --- NVIM STARTING ---
000.230  000.222: event init
000.326  000.096: early init
000.508  000.182: locale set
000.550  000.042: init first window
000.871  000.321: inits 1
000.880  000.009: window checked
000.883  000.003: parsing arguments
001.417  000.041  000.041: require('vim.shared')
001.499  000.041  000.041: require('vim.inspect')
001.550  000.037  000.037: require('vim._options')
001.552  000.131  000.052: require('vim._editor')
001.553  000.228  000.056: require('vim._init_packages')
001.556  000.445: init lua interpreter
002.034  000.479: expanding arguments
002.063  000.028: inits 2
002.434  000.372: init highlight
