

times in msec
 clock   self+sourced   self:  sourced script
 clock   elapsed:              other lines

000.007  000.007: --- NVIM STARTING ---
000.263  000.257: event init
000.354  000.090: early init
000.536  000.183: locale set
000.596  000.060: init first window
000.983  000.386: inits 1
000.998  000.015: window checked
001.001  000.003: parsing arguments
001.563  000.038  000.038: require('vim.shared')
001.654  000.040  000.040: require('vim.inspect')
001.704  000.037  000.037: require('vim._options')
001.706  000.138  000.061: require('vim._editor')
001.708  000.231  000.055: require('vim._init_packages')
001.710  000.478: init lua interpreter
001.784  000.074: expanding arguments
001.801  000.018: inits 2
002.152  000.350: init highlight
002.153  000.001: waiting for UI
002.281  000.127: done waiting for UI
002.287  000.007: clear screen
002.321  000.005  000.005: require('vim.keymap')
003.668  001.053  001.053: require('vim.termcap')
003.808  000.123  000.123: require('vim.text')
003.911  001.621  000.440: require('vim._defaults')
003.915  000.007: init default mappings & autocommands
004.120  000.074  000.074: sourcing /usr/share/nvim/runtime/ftplugin.vim
004.323  000.038  000.038: sourcing /usr/share/nvim/runtime/indent.vim
004.681  000.244  000.244: require('saphal.remap')
007.465  000.293  000.293: require('packer.util')
007.513  002.442  002.149: require('packer')
007.773  000.258  000.258: require('packer.log')
008.385  000.185  000.185: require('packer.async')
008.755  000.123  000.123: require('packer.result')
008.760  000.371  000.248: require('packer.jobs')
008.767  000.975  000.419: require('packer.plugin_utils')
009.045  000.266  000.266: require('packer.snapshot')
009.187  004.502  000.560: require('saphal.packer')
009.509  000.320  000.320: require('saphal.set')
009.513  005.095  000.030: sourcing /home/cheyatz/.config/nvim/init.lua
009.523  000.402: sourcing vimrc file(s)
010.090  000.358  000.358: sourcing /usr/share/nvim/runtime/filetype.lua
010.502  000.130  000.130: sourcing /usr/share/nvim/runtime/syntax/synload.vim
010.674  000.452  000.322: sourcing /usr/share/nvim/runtime/syntax/syntax.vim
011.577  000.377  000.377: sourcing /home/cheyatz/.config/nvim/plugin/packer_compiled.lua
012.048  000.210  000.210: sourcing /usr/share/nvim/runtime/plugin/gzip.vim
012.541  000.240  000.240: sourcing /usr/share/nvim/runtime/pack/dist/opt/matchit/plugin/matchit.vim
012.592  000.529  000.289: sourcing /usr/share/nvim/runtime/plugin/matchit.vim
012.768  000.164  000.164: sourcing /usr/share/nvim/runtime/plugin/matchparen.vim
013.132  000.348  000.348: sourcing /usr/share/nvim/runtime/plugin/netrwPlugin.vim
013.305  000.009  000.009: sourcing /home/cheyatz/.local/share/nvim/rplugin.vim
013.313  000.157  000.148: sourcing /usr/share/nvim/runtime/plugin/rplugin.vim
013.389  000.062  000.062: sourcing /usr/share/nvim/runtime/plugin/shada.vim
013.434  000.021  000.021: sourcing /usr/share/nvim/runtime/plugin/spellfile.vim
013.555  000.104  000.104: sourcing /usr/share/nvim/runtime/plugin/tarPlugin.vim
013.672  000.092  000.092: sourcing /usr/share/nvim/runtime/plugin/tohtml.vim
013.710  000.018  000.018: sourcing /usr/share/nvim/runtime/plugin/tutor.vim
013.888  000.157  000.157: sourcing /usr/share/nvim/runtime/plugin/zipPlugin.vim
013.976  000.061  000.061: sourcing /usr/share/nvim/runtime/plugin/editorconfig.lua
014.079  000.074  000.074: sourcing /usr/share/nvim/runtime/plugin/man.lua
014.160  000.061  000.061: sourcing /usr/share/nvim/runtime/plugin/nvim.lua
015.770  001.550  001.550: require('vim.iter')
015.793  001.615  000.065: sourcing /usr/share/nvim/runtime/plugin/osc52.lua
015.813  001.430: loading rtp plugins
016.109  000.032  000.032: sourcing /home/cheyatz/.local/share/nvim/site/pack/packer/start/LuaSnip/plugin/luasnip.vim
017.380  001.160  001.160: require('vim.filetype')
017.889  000.031  000.031: require('luasnip.util.types')
017.893  000.123  000.092: require('luasnip.util.ext_opts')
018.112  000.049  000.049: require('luasnip.util.lazy_table')
018.204  000.089  000.089: require('luasnip.extras.filetype_functions')
018.241  000.303  000.165: require('luasnip.default_config')
018.243  000.348  000.045: require('luasnip.session')
018.246  000.585  000.114: require('luasnip.config')
019.052  000.304  000.304: require('luasnip.util.util')
019.431  000.028  000.028: require('luasnip.nodes.key_indexer')
019.437  000.381  000.352: require('luasnip.nodes.util')
019.665  000.039  000.039: require('luasnip.session.snippet_collection.source')
019.706  000.039  000.039: require('luasnip.util.table')
019.755  000.047  000.047: require('luasnip.util.auto_table')
019.764  000.326  000.201: require('luasnip.session.snippet_collection')
020.106  000.102  000.102: require('luasnip.util.select')
020.247  000.372  000.270: require('luasnip.util._builtin_vars')
020.279  000.513  000.141: require('luasnip.util.environ')
020.348  000.067  000.067: require('luasnip.util.extend_decorator')
020.675  000.191  000.191: require('luasnip.util.path')
021.049  000.163  000.163: require('luasnip.util.log')
021.057  000.379  000.216: require('luasnip.loaders.util')
021.105  000.007  000.007: require('vim.F')
021.113  000.054  000.047: require('luasnip.loaders.data')
021.520  000.406  000.406: require('luasnip.loaders.fs_watchers')
021.526  001.176  000.146: require('luasnip.loaders')
021.554  003.297  000.532: require('luasnip')
021.586  005.456  000.413: sourcing /home/cheyatz/.local/share/nvim/site/pack/packer/start/LuaSnip/plugin/luasnip.lua
021.830  000.037  000.037: sourcing /home/cheyatz/.local/share/nvim/site/pack/packer/start/lsp-zero.nvim/plugin/lsp-zero.vim
022.164  000.141  000.141: require('cmp.utils.api')
022.332  000.097  000.097: require('cmp.types.cmp')
022.709  000.193  000.193: require('cmp.utils.misc')
022.728  000.394  000.200: require('cmp.types.lsp')
022.783  000.053  000.053: require('cmp.types.vim')
022.785  000.618  000.075: require('cmp.types')
022.863  000.076  000.076: require('cmp.utils.highlight')
023.058  000.073  000.073: require('cmp.utils.debug')
023.066  000.201  000.128: require('cmp.utils.autocmd')
023.409  001.477  000.441: sourcing /home/cheyatz/.local/share/nvim/site/pack/packer/start/nvim-cmp/plugin/cmp.lua
025.748  000.194  000.194: require('vim.lsp.log')
026.248  000.496  000.496: require('vim.lsp.protocol')
027.925  000.414  000.414: require('vim.lsp._snippet_grammar')
028.101  000.168  000.168: require('vim.highlight')
028.118  001.867  001.284: require('vim.lsp.util')
028.142  003.048  000.491: require('vim.lsp.handlers')
028.685  000.540  000.540: require('vim.lsp.rpc')
028.958  000.268  000.268: require('vim.lsp.sync')
029.422  000.461  000.461: require('vim.lsp.semantic_tokens')
029.962  000.536  000.536: require('vim.lsp.buf')
030.662  000.696  000.696: require('vim.lsp.diagnostic')
031.156  000.482  000.482: require('vim.lsp.codelens')
031.526  000.365  000.365: require('vim.lsp.inlay_hint')
031.597  007.903  001.505: require('vim.lsp')
031.670  008.180  000.277: sourcing /home/cheyatz/.local/share/nvim/site/pack/packer/start/nvim-lspconfig/plugin/lspconfig.lua
032.869  000.199  000.199: require('nvim-treesitter.utils')
035.967  000.153  000.153: require('vim.treesitter.language')
036.054  000.079  000.079: require('vim.func')
036.159  000.102  000.102: require('vim.func._memoize')
036.173  000.996  000.662: require('vim.treesitter.query')
036.321  000.146  000.146: require('vim.treesitter._range')
036.331  001.962  000.820: require('vim.treesitter.languagetree')
036.337  002.360  000.398: require('vim.treesitter')
036.895  004.022  001.662: require('nvim-treesitter.parsers')
037.782  000.077  000.077: require('nvim-treesitter.compat')
038.233  000.301  000.301: require('nvim-treesitter.ts_utils')
038.239  000.453  000.152: require('nvim-treesitter.tsrange')
038.327  000.087  000.087: require('nvim-treesitter.caching')
038.343  000.912  000.294: require('nvim-treesitter.query')
038.354  001.266  000.354: require('nvim-treesitter.configs')
038.357  001.458  000.192: require('nvim-treesitter.info')
038.585  000.227  000.227: require('nvim-treesitter.shell_command_selectors')
038.612  006.668  000.762: require('nvim-treesitter.install')
038.735  000.094  000.094: require('nvim-treesitter.statusline')
038.913  000.175  000.175: require('nvim-treesitter.query_predicates')
038.916  007.071  000.134: require('nvim-treesitter')
039.177  007.381  000.310: sourcing /home/cheyatz/.local/share/nvim/site/pack/packer/start/nvim-treesitter/plugin/nvim-treesitter.lua
039.328  000.049  000.049: sourcing /home/cheyatz/.local/share/nvim/site/pack/packer/start/nvim-web-devicons/plugin/nvim-web-devicons.vim
039.445  000.037  000.037: sourcing /home/cheyatz/.local/share/nvim/site/pack/packer/start/plenary.nvim/plugin/plenary.vim
039.796  000.277  000.277: sourcing /home/cheyatz/.local/share/nvim/site/pack/packer/start/telescope.nvim/plugin/telescope.lua
039.934  001.196: loading packages
041.123  000.131  000.131: require('cmp.utils.char')
041.131  000.289  000.158: require('cmp.utils.str')
041.683  000.068  000.068: require('cmp.utils.buffer')
041.689  000.457  000.389: require('cmp.utils.keymap')
041.693  000.561  000.104: require('cmp.utils.feedkeys')
042.235  000.164  000.164: require('cmp.config.mapping')
042.311  000.073  000.073: require('cmp.utils.cache')
042.646  000.216  000.216: require('cmp.config.compare')
042.649  000.335  000.120: require('cmp.config.default')
042.663  000.769  000.197: require('cmp.config')
042.676  000.982  000.213: require('cmp.utils.async')
042.854  000.065  000.065: require('cmp.utils.pattern')
042.859  000.181  000.115: require('cmp.context')
043.758  000.202  000.202: require('cmp.matcher')
043.765  000.633  000.431: require('cmp.entry')
043.771  000.911  000.277: require('cmp.source')
044.069  000.074  000.074: require('cmp.utils.event')
044.523  000.062  000.062: require('cmp.utils.options')
044.529  000.312  000.250: require('cmp.utils.window')
044.531  000.458  000.146: require('cmp.view.docs_view')
044.939  000.406  000.406: require('cmp.view.custom_entries_view')
045.249  000.307  000.307: require('cmp.view.wildmenu_entries_view')
045.426  000.173  000.173: require('cmp.view.native_entries_view')
045.581  000.152  000.152: require('cmp.view.ghost_text_view')
045.594  001.822  000.250: require('cmp.view')
045.807  005.403  000.659: require('cmp.core')
045.999  000.076  000.076: require('cmp.config.sources')
046.066  000.064  000.064: require('cmp.config.window')
046.125  006.113  000.570: require('cmp')
046.571  000.058  000.058: require('cmp_buffer.timer')
046.578  000.316  000.258: require('cmp_buffer.buffer')
046.584  000.427  000.111: require('cmp_buffer.source')
046.586  000.458  000.032: require('cmp_buffer')
046.609  006.610  000.039: sourcing /home/cheyatz/.local/share/nvim/site/pack/packer/start/cmp-buffer/after/plugin/cmp_buffer.lua
047.045  000.150  000.150: require('cmp_nvim_lsp.source')
047.049  000.326  000.175: require('cmp_nvim_lsp')
047.070  000.367  000.041: sourcing /home/cheyatz/.local/share/nvim/site/pack/packer/start/cmp-nvim-lsp/after/plugin/cmp_nvim_lsp.lua
047.284  000.123  000.123: require('cmp_nvim_lua')
047.314  000.166  000.043: sourcing /home/cheyatz/.local/share/nvim/site/pack/packer/start/cmp-nvim-lua/after/plugin/cmp_nvim_lua.lua
047.644  000.255  000.255: require('cmp_path')
047.662  000.286  000.031: sourcing /home/cheyatz/.local/share/nvim/site/pack/packer/start/cmp-path/after/plugin/cmp_path.lua
047.971  000.215  000.215: require('cmp_luasnip')
048.010  000.282  000.067: sourcing /home/cheyatz/.local/share/nvim/site/pack/packer/start/cmp_luasnip/after/plugin/cmp_luasnip.lua
048.561  000.278  000.278: require('catppuccin')
048.677  000.055  000.055: require('catppuccin.lib.hashing')
050.202  001.937  001.604: sourcing /home/cheyatz/.local/share/nvim/site/pack/packer/start/catppuccin/colors/catppuccin-mocha.vim
050.476  002.325  000.388: sourcing /home/cheyatz/.config/nvim/after/plugin/colors.lua
050.949  000.168  000.168: require('gitsigns.async')
051.400  000.448  000.448: require('gitsigns.config')
051.531  000.128  000.128: require('gitsigns.debug.log')
051.537  000.964  000.220: require('gitsigns')
051.737  001.219  000.254: sourcing /home/cheyatz/.config/nvim/after/plugin/gitsigns.lua
052.349  000.100  000.100: require('lsp-zero.presets')
053.027  000.124  000.124: require('lsp-zero.settings')
053.042  000.690  000.566: require('lsp-zero.server')
053.061  001.216  000.427: require('lsp-zero')
053.328  000.229  000.229: require('lsp-zero.nvim-cmp-setup')
054.921  000.060  000.060: require('luasnip.session.enqueueable_operations')
055.612  000.686  000.686: require('luasnip.util.jsonc')
057.283  000.033  000.033: require('luasnip.util.events')
057.294  000.332  000.299: require('luasnip.nodes.node')
057.523  000.226  000.226: require('luasnip.nodes.insertNode')
057.603  000.078  000.078: require('luasnip.nodes.textNode')
057.726  000.120  000.120: require('luasnip.util.mark')
057.807  000.079  000.079: require('luasnip.util.pattern_tokenizer')
057.858  000.049  000.049: require('luasnip.util.dict')
058.356  000.430  000.430: require('luasnip.util.jsregexp')
058.361  000.499  000.069: require('luasnip.nodes.util.trig_engines')
058.394  002.543  001.160: require('luasnip.nodes.snippet')
058.398  002.653  000.110: require('luasnip.nodes.duplicate')
058.400  002.783  000.130: require('luasnip.loaders.snippet_cache')
058.409  004.209  000.679: require('luasnip.loaders.from_vscode')
061.371  000.108  000.108: require('luasnip.util.parser.neovim_ast')
061.484  000.103  000.103: require('luasnip.util.str')
061.912  000.424  000.424: require('luasnip.util.jsregexp')
062.066  000.151  000.151: require('luasnip.util.directed_graph')
062.071  001.033  000.247: require('luasnip.util.parser.ast_utils')
062.208  000.135  000.135: require('luasnip.nodes.functionNode')
062.475  000.264  000.264: require('luasnip.nodes.choiceNode')
062.700  000.223  000.223: require('luasnip.nodes.dynamicNode')
062.753  000.050  000.050: require('luasnip.util.functions')
062.759  001.917  000.213: require('luasnip.util.parser.ast_parser')
063.036  000.276  000.276: require('luasnip.util.parser.neovim_parser')
063.042  002.301  000.108: require('luasnip.util.parser')
063.048  002.439  000.138: require('luasnip.nodes.snippetProxy')
063.126  000.077  000.077: require('luasnip.nodes.multiSnippet')
064.139  010.779  004.055: require('lsp-zero.snippets')
067.760  001.124  001.124: require('vim.diagnostic')
067.931  000.164  000.164: require('lsp-zero.installer')
068.102  000.089  000.089: require('mason-core.path')
068.497  000.175  000.175: require('mason-core.functional')
068.701  000.061  000.061: require('mason-core.functional.data')
068.707  000.193  000.131: require('mason-core.functional.function')
068.799  000.074  000.074: require('mason-core.functional.relation')
068.885  000.079  000.079: require('mason-core.functional.logic')
068.909  000.805  000.284: require('mason-core.platform')
069.019  000.107  000.107: require('mason.settings')
069.022  001.087  000.086: require('mason')
069.397  000.199  000.199: require('mason-core.log')
069.456  000.056  000.056: require('mason-lspconfig.settings')
069.462  000.438  000.182: require('mason-lspconfig')
070.216  000.219  000.219: require('mason-core.functional.list')
070.375  000.155  000.155: require('mason-core.functional.string')
070.404  000.644  000.270: require('mason.api.command')
070.543  000.132  000.132: require('mason-registry.sources')
070.878  000.049  000.049: require('mason-lspconfig.notify')
070.884  000.171  000.122: require('mason-lspconfig.lspconfig_hook')
071.429  000.544  000.544: require('lspconfig.util')
071.770  000.111  000.111: require('mason-core.functional.table')
071.793  000.354  000.244: require('mason-lspconfig.mappings.server')
072.089  000.096  000.096: require('mason-core.EventEmitter')
072.198  000.106  000.106: require('mason-core.optional')
072.544  000.188  000.188: require('mason-core.async')
072.607  000.059  000.059: require('mason-core.async.uv')
072.615  000.414  000.167: require('mason-core.fs')
072.648  000.854  000.238: require('mason-registry')
072.704  000.053  000.053: require('mason-lspconfig.server_config_extensions')
073.154  000.128  000.128: require('lspconfig.async')
073.159  000.452  000.325: require('lspconfig.configs')
073.339  000.152  000.152: require('lspconfig.server_configurations.omnisharp')
073.844  000.077  000.077: require('mason-core.functional.number')
073.881  000.335  000.258: require('mason-lspconfig.api.command')
074.110  000.097  000.097: require('lsp-zero.utils')
074.117  000.233  000.136: require('lsp-zero.state')
074.458  000.109  000.109: require('lspconfig')
074.557  000.096  000.096: require('lspconfig.server_configurations.tsserver')
075.391  000.338  000.338: require('lspconfig.manager')
075.691  000.286  000.286: require('lspconfig.server_configurations.rust_analyzer')
076.484  000.090  000.090: require('lspconfig.server_configurations.pylsp')
077.278  000.179  000.179: require('mason-core.result')
078.087  000.156  000.156: require('mason-core.receipt')
078.519  000.267  000.267: require('mason-core.process')
078.645  000.556  000.289: require('mason-core.spawn')
078.671  001.096  000.384: require('mason-core.installer.context')
078.865  000.191  000.191: require('mason-core.async.control')
079.055  000.187  000.187: require('mason-core.installer.linker')
079.060  001.778  000.304: require('mason-core.installer')
079.167  000.105  000.105: require('mason-core.providers')
079.195  002.341  000.279: require('mason-core.managers.pip3')
079.198  002.464  000.122: require('mason-lspconfig.server_configurations.pylsp')
079.636  000.203  000.203: require('lspconfig.server_configurations.eslint')
080.312  000.106  000.106: require('mason-lspconfig.ensure_installed')
080.817  000.085  000.085: require('mason-core.managers.powershell')
080.879  000.059  000.059: require('mason.version')
080.883  000.324  000.180: require('mason-core.fetch')
081.602  000.332  000.332: require('mason-core.purl')
081.621  000.658  000.326: require('mason-core.package')
082.329  000.149  000.149: require('mason-core.installer.registry.expr')
082.342  000.460  000.311: require('mason-core.installer.registry.link')
083.063  000.595  000.595: require('mason-core.installer.managers.std')
083.067  000.723  000.128: require('mason-core.installer.registry.schemas')
083.252  000.184  000.184: require('mason-core.installer.registry.util')
083.276  001.653  000.286: require('mason-core.installer.registry')
083.279  002.394  000.082: require('mason-registry.sources.util')
083.322  003.002  000.285: require('mason-registry.sources.github')
087.693  035.905  010.249: sourcing /home/cheyatz/.config/nvim/after/plugin/lsp.lua
088.916  000.197  000.197: require('lualine_require')
089.541  001.768  001.571: require('lualine')
091.299  000.127  000.127: require('catppuccin.utils.lualine')
091.381  000.076  000.076: require('catppuccin.palettes')
091.449  000.065  000.065: require('catppuccin.palettes.mocha')
093.678  000.160  000.160: require('lualine.utils.mode')
097.225  009.469  007.271: sourcing /home/cheyatz/.config/nvim/after/plugin/lualine.lua
097.968  000.199  000.199: require('nvim-tree.notify')
098.950  000.178  000.178: require('nvim-tree.events')
099.570  000.159  000.159: require('nvim-tree.log')
100.197  000.156  000.156: require('nvim-tree.iterators.node-iterator')
100.247  000.673  000.517: require('nvim-tree.utils')
100.439  000.190  000.190: require('nvim-tree.git.utils')
100.717  000.274  000.274: require('nvim-tree.git.runner')
100.977  000.257  000.257: require('nvim-tree.watcher')
101.169  000.188  000.188: require('nvim-tree.explorer.node')
101.177  002.079  000.339: require('nvim-tree.git')
101.344  000.165  000.165: require('nvim-tree.explorer.watch')
101.672  000.150  000.150: require('nvim-tree.explorer.node-builders')
101.983  000.308  000.308: require('nvim-tree.explorer.sorters')
102.180  000.193  000.193: require('nvim-tree.explorer.filters')
102.856  000.450  000.450: require('nvim-tree.view')
102.862  000.680  000.230: require('nvim-tree.live-filter')
102.865  001.517  000.187: require('nvim-tree.explorer.explore')
103.074  000.207  000.207: require('nvim-tree.explorer.reload')
103.079  004.125  000.156: require('nvim-tree.explorer')
103.082  004.431  000.128: require('nvim-tree.core')
103.244  000.076  000.076: require('nvim-tree.modified')
103.273  000.188  000.113: require('nvim-tree.renderer.components.modified')
103.424  000.149  000.149: require('nvim-tree.renderer.components.padding')
103.552  000.126  000.126: require('nvim-tree.renderer.components.icons')
103.687  000.132  000.132: require('nvim-tree.renderer.components.full-name')
103.877  000.187  000.187: require('nvim-tree.renderer.components.git')
104.044  000.057  000.057: require('nvim-tree.enum')
104.048  000.169  000.111: require('nvim-tree.renderer.components.diagnostics')
104.555  000.081  000.081: require('nvim-tree.marks')
104.560  000.168  000.087: require('nvim-tree.renderer.components.bookmarks')
104.567  000.518  000.350: require('nvim-tree.renderer.builder')
104.574  006.141  000.242: require('nvim-tree.renderer')
104.580  006.456  000.315: require('nvim-tree.lib')
104.691  000.109  000.109: require('nvim-tree.actions.finders.find-file')
104.694  006.718  000.152: require('nvim-tree.actions.tree.open')
104.785  000.089  000.089: require('nvim-tree.actions.tree.toggle')
104.893  000.103  000.103: require('nvim-tree.actions.reloaders.reloaders')
104.963  000.066  000.066: require('nvim-tree.actions.root.dir-up')
105.051  000.085  000.085: require('nvim-tree.actions.tree.find-file')
105.157  000.104  000.104: require('nvim-tree.actions.finders.search-node')
105.245  000.085  000.085: require('nvim-tree.actions.tree-modifiers.collapse-all')
105.353  000.106  000.106: require('nvim-tree.actions.tree-modifiers.expand-all')
105.431  000.075  000.075: require('nvim-tree.actions.tree-modifiers.toggles')
105.778  000.163  000.163: require('nvim-tree.keymap')
105.783  000.348  000.185: require('nvim-tree.help')
105.913  000.128  000.128: require('nvim-tree.actions.fs.create-file')
106.063  000.147  000.147: require('nvim-tree.actions.fs.remove-file')
106.202  000.136  000.136: require('nvim-tree.actions.fs.trash')
106.329  000.125  000.125: require('nvim-tree.actions.fs.rename-file')
106.596  000.261  000.261: require('nvim-tree.actions.fs.copy-paste')
106.712  000.107  000.107: require('nvim-tree.actions.node.file-popup')
106.779  000.064  000.064: require('nvim-tree.actions.node.run-command')
106.880  000.098  000.098: require('nvim-tree.actions.node.system-open')
106.967  000.084  000.084: require('nvim-tree.actions.moves.sibling')
107.046  000.076  000.076: require('nvim-tree.actions.moves.parent')
107.137  000.088  000.088: require('nvim-tree.actions.moves.item')
107.232  000.087  000.087: require('nvim-tree.marks.bulk-delete')
107.315  000.081  000.081: require('nvim-tree.marks.bulk-trash')
107.404  000.086  000.086: require('nvim-tree.marks.bulk-move')
107.779  000.269  000.269: require('nvim-tree.actions.node.open-file')
107.783  000.377  000.108: require('nvim-tree.marks.navigation')
107.787  010.442  000.519: require('nvim-tree.api')
108.449  000.152  000.152: require('nvim-tree.colors')
108.569  000.117  000.117: require('nvim-tree.commands')
108.693  000.121  000.121: require('nvim-tree.actions.root.change-dir')
108.793  000.098  000.098: require('nvim-tree.legacy')
108.826  001.015  000.527: require('nvim-tree')
109.015  000.075  000.075: require('nvim-tree.actions')
109.381  000.154  000.154: require('nvim-tree.diagnostics')
110.667  000.753  000.753: require('nvim-web-devicons.icons-default')
110.720  001.272  000.519: require('nvim-web-devicons')
113.724  016.422  003.464: sourcing /home/cheyatz/.config/nvim/after/plugin/nvimtree.lua
114.463  000.582  000.582: require('telescope.builtin')
114.948  000.178  000.178: require('telescope._extensions')
114.955  000.415  000.237: require('telescope')
117.268  000.377  000.377: require('plenary.bit')
117.413  000.139  000.139: require('plenary.functional')
117.482  000.055  000.055: require('ffi')
117.511  001.628  001.057: require('plenary.path')
117.527  002.009  000.381: require('plenary.strings')
117.647  000.118  000.118: require('telescope.deprecated')
118.663  000.428  000.428: require('plenary.log')
118.697  000.553  000.125: require('telescope.log')
119.923  000.555  000.555: require('plenary.job')
120.087  000.133  000.133: require('telescope.state')
120.100  001.400  000.712: require('telescope.utils')
120.108  002.457  000.505: require('telescope.sorters')
122.628  007.670  003.085: require('telescope.config')
123.427  009.612  000.946: sourcing /home/cheyatz/.config/nvim/after/plugin/telescope.lua
125.301  000.126  000.126: require('nvim-treesitter.highlight')
125.350  001.861  001.735: sourcing /home/cheyatz/.config/nvim/after/plugin/treesitter.lua
125.354  000.897: loading after plugins
125.363  000.008: inits 3
126.835  001.473: reading ShaDa
127.735  000.503  000.503: require('luasnip.loaders.from_lua')
128.104  000.360  000.360: require('luasnip.loaders.from_snipmate')
128.197  000.498: opening buffers
128.345  000.148: BufEnter autocommands
128.350  000.005: editing files in windows
128.393  000.043: VimEnter autocommands
128.396  000.003: UIEnter autocommands
128.800  000.242  000.242: sourcing /usr/share/nvim/runtime/autoload/provider/clipboard.vim
128.809  000.172: before starting main loop
128.968  000.159: first screen update
128.970  000.002: --- NVIM STARTED ---


times in msec
 clock   self+sourced   self:  sourced script
 clock   elapsed:              other lines

000.007  000.007: --- NVIM STARTING ---
000.231  000.224: event init
000.324  000.093: early init
000.503  000.179: locale set
000.547  000.043: init first window
000.870  000.323: inits 1
000.879  000.009: window checked
000.881  000.003: parsing arguments
001.409  000.038  000.038: require('vim.shared')
001.489  000.040  000.040: require('vim.inspect')
001.539  000.036  000.036: require('vim._options')
001.541  000.128  000.051: require('vim._editor')
001.543  000.223  000.057: require('vim._init_packages')
001.545  000.441: init lua interpreter
002.240  000.695: expanding arguments
002.269  000.028: inits 2
002.629  000.361: init highlight
