

times in msec
 clock   self+sourced   self:  sourced script
 clock   elapsed:              other lines

000.007  000.007: --- NVIM STARTING ---
000.220  000.214: event init
000.308  000.088: early init
000.491  000.183: locale set
000.533  000.042: init first window
000.838  000.305: inits 1
000.852  000.013: window checked
000.855  000.003: parsing arguments
001.384  000.038  000.038: require('vim.shared')
001.465  000.040  000.040: require('vim.inspect')
001.514  000.036  000.036: require('vim._options')
001.516  000.128  000.051: require('vim._editor')
001.518  000.224  000.058: require('vim._init_packages')
001.520  000.442: init lua interpreter
001.597  000.077: expanding arguments
001.617  000.020: inits 2
002.008  000.392: init highlight
002.012  000.003: waiting for UI
002.142  000.130: done waiting for UI
002.158  000.016: clear screen
002.206  000.006  000.006: require('vim.keymap')
003.768  001.245  001.245: require('vim.termcap')
003.938  000.148  000.148: require('vim.text')
004.024  001.859  000.459: require('vim._defaults')
004.029  000.012: init default mappings & autocommands
004.407  000.111  000.111: sourcing /usr/share/nvim/runtime/ftplugin.vim
004.632  000.046  000.046: sourcing /usr/share/nvim/runtime/indent.vim
004.953  000.208  000.208: require('saphal.remap')
007.703  000.257  000.257: require('packer.util')
007.742  002.329  002.072: require('packer')
008.025  000.281  000.281: require('packer.log')
008.688  000.205  000.205: require('packer.async')
009.174  000.226  000.226: require('packer.result')
009.180  000.488  000.262: require('packer.jobs')
009.188  001.137  000.444: require('packer.plugin_utils')
009.534  000.330  000.330: require('packer.snapshot')
009.730  004.773  000.696: require('saphal.packer')
010.153  000.419  000.419: require('saphal.set')
010.158  005.434  000.034: sourcing /home/cheyatz/.config/nvim/init.lua
010.172  000.553: sourcing vimrc file(s)
010.779  000.362  000.362: sourcing /usr/share/nvim/runtime/filetype.lua
011.089  000.092  000.092: sourcing /usr/share/nvim/runtime/syntax/synload.vim
011.208  000.344  000.252: sourcing /usr/share/nvim/runtime/syntax/syntax.vim
012.075  000.360  000.360: sourcing /home/cheyatz/.config/nvim/plugin/packer_compiled.lua
012.507  000.180  000.180: sourcing /usr/share/nvim/runtime/plugin/gzip.vim
012.977  000.229  000.229: sourcing /usr/share/nvim/runtime/pack/dist/opt/matchit/plugin/matchit.vim
013.027  000.505  000.277: sourcing /usr/share/nvim/runtime/plugin/matchit.vim
013.195  000.156  000.156: sourcing /usr/share/nvim/runtime/plugin/matchparen.vim
013.548  000.336  000.336: sourcing /usr/share/nvim/runtime/plugin/netrwPlugin.vim
013.712  000.009  000.009: sourcing /home/cheyatz/.local/share/nvim/rplugin.vim
013.721  000.149  000.140: sourcing /usr/share/nvim/runtime/plugin/rplugin.vim
013.795  000.061  000.061: sourcing /usr/share/nvim/runtime/plugin/shada.vim
013.835  000.020  000.020: sourcing /usr/share/nvim/runtime/plugin/spellfile.vim
013.953  000.101  000.101: sourcing /usr/share/nvim/runtime/plugin/tarPlugin.vim
014.065  000.091  000.091: sourcing /usr/share/nvim/runtime/plugin/tohtml.vim
014.179  000.024  000.024: sourcing /usr/share/nvim/runtime/plugin/tutor.vim
014.362  000.158  000.158: sourcing /usr/share/nvim/runtime/plugin/zipPlugin.vim
014.440  000.054  000.054: sourcing /usr/share/nvim/runtime/plugin/editorconfig.lua
014.530  000.071  000.071: sourcing /usr/share/nvim/runtime/plugin/man.lua
014.606  000.057  000.057: sourcing /usr/share/nvim/runtime/plugin/nvim.lua
016.084  001.420  001.420: require('vim.iter')
016.104  001.482  000.062: sourcing /usr/share/nvim/runtime/plugin/osc52.lua
016.123  001.441: loading rtp plugins
016.400  000.029  000.029: sourcing /home/cheyatz/.local/share/nvim/site/pack/packer/start/LuaSnip/plugin/luasnip.vim
017.632  001.122  001.122: require('vim.filetype')
018.059  000.029  000.029: require('luasnip.util.types')
018.063  000.118  000.089: require('luasnip.util.ext_opts')
018.254  000.025  000.025: require('luasnip.util.lazy_table')
018.311  000.055  000.055: require('luasnip.extras.filetype_functions')
018.347  000.241  000.161: require('luasnip.default_config')
018.349  000.284  000.044: require('luasnip.session')
018.352  000.517  000.115: require('luasnip.config')
019.089  000.277  000.277: require('luasnip.util.util')
019.451  000.027  000.027: require('luasnip.nodes.key_indexer')
019.457  000.364  000.337: require('luasnip.nodes.util')
019.668  000.037  000.037: require('luasnip.session.snippet_collection.source')
019.700  000.030  000.030: require('luasnip.util.table')
019.752  000.050  000.050: require('luasnip.util.auto_table')
019.759  000.300  000.183: require('luasnip.session.snippet_collection')
020.095  000.100  000.100: require('luasnip.util.select')
020.196  000.329  000.228: require('luasnip.util._builtin_vars')
020.255  000.494  000.166: require('luasnip.util.environ')
020.319  000.063  000.063: require('luasnip.util.extend_decorator')
020.626  000.177  000.177: require('luasnip.util.path')
020.953  000.128  000.128: require('luasnip.util.log')
020.961  000.333  000.205: require('luasnip.loaders.util')
021.005  000.007  000.007: require('vim.F')
021.011  000.047  000.041: require('luasnip.loaders.data')
021.378  000.365  000.365: require('luasnip.loaders.fs_watchers')
021.383  001.061  000.139: require('luasnip.loaders')
021.403  003.041  000.482: require('luasnip')
021.432  005.012  000.332: sourcing /home/cheyatz/.local/share/nvim/site/pack/packer/start/LuaSnip/plugin/luasnip.lua
021.634  000.027  000.027: sourcing /home/cheyatz/.local/share/nvim/site/pack/packer/start/lsp-zero.nvim/plugin/lsp-zero.vim
021.931  000.119  000.119: require('cmp.utils.api')
022.097  000.095  000.095: require('cmp.types.cmp')
022.479  000.212  000.212: require('cmp.utils.misc')
022.496  000.397  000.185: require('cmp.types.lsp')
022.555  000.057  000.057: require('cmp.types.vim')
022.557  000.623  000.074: require('cmp.types')
022.633  000.075  000.075: require('cmp.utils.highlight')
022.811  000.091  000.091: require('cmp.utils.debug')
022.818  000.183  000.091: require('cmp.utils.autocmd')
023.123  001.392  000.392: sourcing /home/cheyatz/.local/share/nvim/site/pack/packer/start/nvim-cmp/plugin/cmp.lua
025.473  000.191  000.191: require('vim.lsp.log')
026.018  000.541  000.541: require('vim.lsp.protocol')
027.544  000.308  000.308: require('vim.lsp._snippet_grammar')
027.684  000.136  000.136: require('vim.highlight')
027.698  001.676  001.232: require('vim.lsp.util')
027.711  002.889  000.481: require('vim.lsp.handlers')
028.166  000.453  000.453: require('vim.lsp.rpc')
028.418  000.249  000.249: require('vim.lsp.sync')
028.868  000.447  000.447: require('vim.lsp.semantic_tokens')
029.451  000.578  000.578: require('vim.lsp.buf')
029.843  000.388  000.388: require('vim.lsp.diagnostic')
030.183  000.337  000.337: require('vim.lsp.codelens')
030.521  000.335  000.335: require('vim.lsp.inlay_hint')
030.583  007.184  001.507: require('vim.lsp')
030.644  007.445  000.260: sourcing /home/cheyatz/.local/share/nvim/site/pack/packer/start/nvim-lspconfig/plugin/lspconfig.lua
030.811  000.052  000.052: sourcing /home/cheyatz/.local/share/nvim/site/pack/packer/start/nvim-web-devicons/plugin/nvim-web-devicons.vim
030.926  000.039  000.039: sourcing /home/cheyatz/.local/share/nvim/site/pack/packer/start/plenary.nvim/plugin/plenary.vim
031.909  000.912  000.912: sourcing /home/cheyatz/.local/share/nvim/site/pack/packer/start/telescope.nvim/plugin/telescope.lua
032.282  001.250: loading packages
034.919  000.247  000.247: require('cmp.utils.char')
034.937  000.575  000.329: require('cmp.utils.str')
035.593  000.099  000.099: require('cmp.utils.buffer')
035.604  000.494  000.395: require('cmp.utils.keymap')
035.610  000.670  000.176: require('cmp.utils.feedkeys')
036.669  000.298  000.298: require('cmp.config.mapping')
036.791  000.117  000.117: require('cmp.utils.cache')
037.356  000.362  000.362: require('cmp.config.compare')
037.362  000.562  000.200: require('cmp.config.default')
037.389  001.362  000.384: require('cmp.config')
037.416  001.804  000.443: require('cmp.utils.async')
037.751  000.119  000.119: require('cmp.utils.pattern')
037.789  000.369  000.250: require('cmp.context')
039.840  000.306  000.306: require('cmp.matcher')
039.849  001.259  000.953: require('cmp.entry')
039.857  002.065  000.806: require('cmp.source')
040.247  000.096  000.096: require('cmp.utils.event')
040.879  000.092  000.092: require('cmp.utils.options')
040.887  000.437  000.345: require('cmp.utils.window')
040.891  000.640  000.203: require('cmp.view.docs_view')
041.442  000.549  000.549: require('cmp.view.custom_entries_view')
041.779  000.333  000.333: require('cmp.view.wildmenu_entries_view')
042.017  000.234  000.234: require('cmp.view.native_entries_view')
042.179  000.159  000.159: require('cmp.view.ghost_text_view')
042.190  002.332  000.320: require('cmp.view')
042.416  009.081  001.265: require('cmp.core')
042.658  000.081  000.081: require('cmp.config.sources')
042.732  000.070  000.070: require('cmp.config.window')
042.793  010.279  001.046: require('cmp')
043.236  000.060  000.060: require('cmp_buffer.timer')
043.242  000.296  000.236: require('cmp_buffer.buffer')
043.245  000.416  000.120: require('cmp_buffer.source')
043.247  000.452  000.036: require('cmp_buffer')
043.303  010.842  000.111: sourcing /home/cheyatz/.local/share/nvim/site/pack/packer/start/cmp-buffer/after/plugin/cmp_buffer.lua
043.704  000.121  000.121: require('cmp_nvim_lsp.source')
043.709  000.271  000.150: require('cmp_nvim_lsp')
043.730  000.310  000.040: sourcing /home/cheyatz/.local/share/nvim/site/pack/packer/start/cmp-nvim-lsp/after/plugin/cmp_nvim_lsp.lua
043.904  000.096  000.096: require('cmp_nvim_lua')
043.953  000.157  000.061: sourcing /home/cheyatz/.local/share/nvim/site/pack/packer/start/cmp-nvim-lua/after/plugin/cmp_nvim_lua.lua
044.262  000.229  000.229: require('cmp_path')
044.281  000.261  000.032: sourcing /home/cheyatz/.local/share/nvim/site/pack/packer/start/cmp-path/after/plugin/cmp_path.lua
044.554  000.166  000.166: require('cmp_luasnip')
044.591  000.227  000.061: sourcing /home/cheyatz/.local/share/nvim/site/pack/packer/start/cmp_luasnip/after/plugin/cmp_luasnip.lua
045.051  000.211  000.211: require('catppuccin')
045.139  000.047  000.047: require('catppuccin.lib.hashing')
046.406  001.582  001.324: sourcing /home/cheyatz/.local/share/nvim/site/pack/packer/start/catppuccin/colors/catppuccin-mocha.vim
046.684  001.969  000.387: sourcing /home/cheyatz/.config/nvim/after/plugin/colors.lua
047.170  000.148  000.148: require('gitsigns.async')
047.696  000.524  000.524: require('gitsigns.config')
047.804  000.105  000.105: require('gitsigns.debug.log')
047.808  001.007  000.230: require('gitsigns')
047.970  001.228  000.221: sourcing /home/cheyatz/.config/nvim/after/plugin/gitsigns.lua
048.432  000.085  000.085: require('lsp-zero.presets')
048.814  000.052  000.052: require('lsp-zero.settings')
048.821  000.386  000.335: require('lsp-zero.server')
048.831  000.795  000.324: require('lsp-zero')
049.056  000.177  000.177: require('lsp-zero.nvim-cmp-setup')
049.922  000.042  000.042: require('luasnip.session.enqueueable_operations')
050.238  000.311  000.311: require('luasnip.util.jsonc')
051.639  000.037  000.037: require('luasnip.util.events')
051.662  000.438  000.401: require('luasnip.nodes.node')
051.951  000.287  000.287: require('luasnip.nodes.insertNode')
052.085  000.131  000.131: require('luasnip.nodes.textNode')
052.242  000.154  000.154: require('luasnip.util.mark')
052.339  000.094  000.094: require('luasnip.util.pattern_tokenizer')
052.424  000.083  000.083: require('luasnip.util.dict')
052.949  000.439  000.439: require('luasnip.util.jsregexp')
052.954  000.527  000.088: require('luasnip.nodes.util.trig_engines')
052.999  002.643  000.929: require('luasnip.nodes.snippet')
053.005  002.702  000.059: require('luasnip.nodes.duplicate')
053.007  002.765  000.063: require('luasnip.loaders.snippet_cache')
053.021  003.482  000.363: require('luasnip.loaders.from_vscode')
056.537  000.129  000.129: require('luasnip.util.parser.neovim_ast')
056.733  000.188  000.188: require('luasnip.util.str')
057.138  000.400  000.400: require('luasnip.util.jsregexp')
057.469  000.302  000.302: require('luasnip.util.directed_graph')
057.474  001.325  000.305: require('luasnip.util.parser.ast_utils')
057.778  000.301  000.301: require('luasnip.nodes.functionNode')
058.273  000.491  000.491: require('luasnip.nodes.choiceNode')
058.812  000.536  000.536: require('luasnip.nodes.dynamicNode')
058.931  000.116  000.116: require('luasnip.util.functions')
058.937  003.019  000.249: require('luasnip.util.parser.ast_parser')
059.574  000.636  000.636: require('luasnip.util.parser.neovim_parser')
059.581  003.789  000.134: require('luasnip.util.parser')
059.585  003.936  000.147: require('luasnip.nodes.snippetProxy')
059.673  000.085  000.085: require('luasnip.nodes.multiSnippet')
060.868  011.795  004.292: require('lsp-zero.snippets')
064.423  001.244  001.244: require('vim.diagnostic')
064.602  000.170  000.170: require('lsp-zero.installer')
064.781  000.093  000.093: require('mason-core.path')
065.163  000.180  000.180: require('mason-core.functional')
065.367  000.060  000.060: require('mason-core.functional.data')
065.373  000.192  000.132: require('mason-core.functional.function')
065.466  000.072  000.072: require('mason-core.functional.relation')
065.553  000.080  000.080: require('mason-core.functional.logic')
065.567  000.783  000.258: require('mason-core.platform')
065.678  000.109  000.109: require('mason.settings')
065.681  001.076  000.091: require('mason')
066.052  000.203  000.203: require('mason-core.log')
066.113  000.058  000.058: require('mason-lspconfig.settings')
066.117  000.434  000.173: require('mason-lspconfig')
066.851  000.191  000.191: require('mason-core.functional.list')
066.970  000.115  000.115: require('mason-core.functional.string')
066.996  000.577  000.271: require('mason.api.command')
067.134  000.130  000.130: require('mason-registry.sources')
067.439  000.051  000.051: require('mason-lspconfig.notify')
067.444  000.170  000.119: require('mason-lspconfig.lspconfig_hook')
067.825  000.380  000.380: require('lspconfig.util')
068.087  000.104  000.104: require('mason-core.functional.table')
068.104  000.276  000.172: require('mason-lspconfig.mappings.server')
068.368  000.088  000.088: require('mason-core.EventEmitter')
068.480  000.110  000.110: require('mason-core.optional')
068.799  000.173  000.173: require('mason-core.async')
068.858  000.056  000.056: require('mason-core.async.uv')
068.864  000.380  000.152: require('mason-core.fs')
068.881  000.775  000.197: require('mason-registry')
068.932  000.048  000.048: require('mason-lspconfig.server_config_extensions')
069.266  000.094  000.094: require('lspconfig.async')
069.270  000.336  000.242: require('lspconfig.configs')
069.380  000.108  000.108: require('lspconfig.server_configurations.omnisharp')
069.714  000.066  000.066: require('mason-core.functional.number')
069.740  000.272  000.206: require('mason-lspconfig.api.command')
069.934  000.080  000.080: require('lsp-zero.utils')
069.940  000.198  000.118: require('lsp-zero.state')
070.237  000.097  000.097: require('lspconfig')
070.316  000.075  000.075: require('lspconfig.server_configurations.tsserver')
070.980  000.228  000.228: require('lspconfig.manager')
071.202  000.210  000.210: require('lspconfig.server_configurations.rust_analyzer')
071.739  000.074  000.074: require('lspconfig.server_configurations.pylsp')
072.334  000.147  000.147: require('mason-core.result')
073.005  000.144  000.144: require('mason-core.receipt')
073.355  000.215  000.215: require('mason-core.process')
073.409  000.400  000.185: require('mason-core.spawn')
073.431  000.860  000.316: require('mason-core.installer.context')
073.582  000.149  000.149: require('mason-core.async.control')
073.733  000.148  000.148: require('mason-core.installer.linker')
073.737  001.401  000.244: require('mason-core.installer')
073.832  000.093  000.093: require('mason-core.providers')
073.846  001.840  000.200: require('mason-core.managers.pip3')
073.848  001.937  000.096: require('mason-lspconfig.server_configurations.pylsp')
074.232  000.219  000.219: require('lspconfig.server_configurations.eslint')
074.826  000.105  000.105: require('mason-lspconfig.ensure_installed')
075.464  000.092  000.092: require('mason-core.managers.powershell')
075.528  000.060  000.060: require('mason.version')
075.531  000.356  000.205: require('mason-core.fetch')
076.353  000.384  000.384: require('mason-core.purl')
076.374  000.758  000.374: require('mason-core.package')
077.169  000.159  000.159: require('mason-core.installer.registry.expr')
077.183  000.505  000.346: require('mason-core.installer.registry.link')
077.628  000.315  000.315: require('mason-core.installer.managers.std')
077.632  000.447  000.132: require('mason-core.installer.registry.schemas')
077.757  000.124  000.124: require('mason-core.installer.registry.util')
077.773  001.397  000.321: require('mason-core.installer.registry')
077.776  002.243  000.088: require('mason-registry.sources.util')
077.791  002.956  000.358: require('mason-registry.sources.github')
082.028  034.033  009.173: sourcing /home/cheyatz/.config/nvim/after/plugin/lsp.lua
082.764  000.130  000.130: require('lualine_require')
083.081  000.990  000.861: require('lualine')
083.868  000.066  000.066: require('catppuccin.utils.lualine')
083.927  000.056  000.056: require('catppuccin.palettes')
083.971  000.040  000.040: require('catppuccin.palettes.mocha')
085.395  000.092  000.092: require('lualine.utils.mode')
087.783  005.708  004.464: sourcing /home/cheyatz/.config/nvim/after/plugin/lualine.lua
088.287  000.124  000.124: require('nvim-tree.notify')
089.341  000.217  000.217: require('nvim-tree.events')
090.017  000.168  000.168: require('nvim-tree.log')
090.794  000.167  000.167: require('nvim-tree.iterators.node-iterator')
090.860  000.840  000.674: require('nvim-tree.utils')
091.137  000.274  000.274: require('nvim-tree.git.utils')
091.502  000.363  000.363: require('nvim-tree.git.runner')
091.832  000.327  000.327: require('nvim-tree.watcher')
092.041  000.206  000.206: require('nvim-tree.explorer.node')
092.048  002.561  000.382: require('nvim-tree.git')
092.224  000.174  000.174: require('nvim-tree.explorer.watch')
092.544  000.139  000.139: require('nvim-tree.explorer.node-builders')
092.806  000.259  000.259: require('nvim-tree.explorer.sorters')
092.945  000.137  000.137: require('nvim-tree.explorer.filters')
093.516  000.394  000.394: require('nvim-tree.view')
093.521  000.573  000.179: require('nvim-tree.live-filter')
093.524  001.298  000.190: require('nvim-tree.explorer.explore')
093.720  000.194  000.194: require('nvim-tree.explorer.reload')
093.725  004.381  000.153: require('nvim-tree.explorer')
093.730  004.709  000.112: require('nvim-tree.core')
093.884  000.073  000.073: require('nvim-tree.modified')
093.887  000.155  000.082: require('nvim-tree.renderer.components.modified')
094.025  000.136  000.136: require('nvim-tree.renderer.components.padding')
094.168  000.140  000.140: require('nvim-tree.renderer.components.icons')
094.297  000.127  000.127: require('nvim-tree.renderer.components.full-name')
094.471  000.171  000.171: require('nvim-tree.renderer.components.git')
094.643  000.060  000.060: require('nvim-tree.enum')
094.646  000.173  000.114: require('nvim-tree.renderer.components.diagnostics')
095.172  000.081  000.081: require('nvim-tree.marks')
095.177  000.172  000.091: require('nvim-tree.renderer.components.bookmarks')
095.185  000.537  000.365: require('nvim-tree.renderer.builder')
095.191  006.429  000.280: require('nvim-tree.renderer')
095.198  006.804  000.375: require('nvim-tree.lib')
095.307  000.107  000.107: require('nvim-tree.actions.finders.find-file')
095.310  007.014  000.102: require('nvim-tree.actions.tree.open')
095.399  000.087  000.087: require('nvim-tree.actions.tree.toggle')
095.506  000.102  000.102: require('nvim-tree.actions.reloaders.reloaders')
095.574  000.064  000.064: require('nvim-tree.actions.root.dir-up')
095.685  000.108  000.108: require('nvim-tree.actions.tree.find-file')
095.846  000.157  000.157: require('nvim-tree.actions.finders.search-node')
095.942  000.092  000.092: require('nvim-tree.actions.tree-modifiers.collapse-all')
096.138  000.127  000.127: require('nvim-tree.actions.tree-modifiers.expand-all')
096.248  000.107  000.107: require('nvim-tree.actions.tree-modifiers.toggles')
096.707  000.227  000.227: require('nvim-tree.keymap')
096.714  000.460  000.233: require('nvim-tree.help')
096.866  000.147  000.147: require('nvim-tree.actions.fs.create-file')
097.029  000.161  000.161: require('nvim-tree.actions.fs.remove-file')
097.219  000.186  000.186: require('nvim-tree.actions.fs.trash')
097.366  000.143  000.143: require('nvim-tree.actions.fs.rename-file')
097.652  000.279  000.279: require('nvim-tree.actions.fs.copy-paste')
097.778  000.117  000.117: require('nvim-tree.actions.node.file-popup')
097.849  000.068  000.068: require('nvim-tree.actions.node.run-command')
097.957  000.106  000.106: require('nvim-tree.actions.node.system-open')
098.049  000.089  000.089: require('nvim-tree.actions.moves.sibling')
098.132  000.079  000.079: require('nvim-tree.actions.moves.parent')
098.230  000.094  000.094: require('nvim-tree.actions.moves.item')
098.335  000.094  000.094: require('nvim-tree.marks.bulk-delete')
098.424  000.087  000.087: require('nvim-tree.marks.bulk-trash')
098.517  000.091  000.091: require('nvim-tree.marks.bulk-move')
098.927  000.298  000.298: require('nvim-tree.actions.node.open-file')
098.933  000.413  000.115: require('nvim-tree.marks.navigation')
098.938  011.082  000.488: require('nvim-tree.api')
099.711  000.168  000.168: require('nvim-tree.colors')
099.840  000.126  000.126: require('nvim-tree.commands')
099.971  000.128  000.128: require('nvim-tree.actions.root.change-dir')
100.075  000.102  000.102: require('nvim-tree.legacy')
100.111  001.118  000.595: require('nvim-tree')
100.339  000.077  000.077: require('nvim-tree.actions')
100.767  000.168  000.168: require('nvim-tree.diagnostics')
101.919  000.691  000.691: require('nvim-web-devicons.icons-default')
101.971  001.106  000.415: require('nvim-web-devicons')
104.068  016.242  002.692: sourcing /home/cheyatz/.config/nvim/after/plugin/nvimtree.lua
104.477  000.308  000.308: require('telescope.builtin')
104.751  000.107  000.107: require('telescope._extensions')
104.755  000.249  000.142: require('telescope')
106.142  000.239  000.239: require('plenary.bit')
106.255  000.109  000.109: require('plenary.functional')
106.291  000.026  000.026: require('ffi')
106.310  001.017  000.642: require('plenary.path')
106.323  001.234  000.218: require('plenary.strings')
106.407  000.082  000.082: require('telescope.deprecated')
107.105  000.243  000.243: require('plenary.log')
107.126  000.334  000.091: require('telescope.log')
107.996  000.411  000.411: require('plenary.job')
108.092  000.092  000.092: require('telescope.state')
108.099  000.971  000.468: require('telescope.utils')
108.104  001.694  000.389: require('telescope.sorters')
109.617  004.860  001.849: require('telescope.config')
110.152  006.017  000.600: sourcing /home/cheyatz/.config/nvim/after/plugin/telescope.lua
110.160  000.884: loading after plugins
110.171  000.011: inits 3
111.507  001.336: reading ShaDa
112.195  000.369  000.369: require('luasnip.loaders.from_lua')
112.476  000.275  000.275: require('luasnip.loaders.from_snipmate')
112.497  000.345: opening buffers
112.588  000.092: BufEnter autocommands
112.592  000.004: editing files in windows
112.618  000.026: VimEnter autocommands
112.620  000.002: UIEnter autocommands
565.062  452.312  452.312: sourcing /usr/share/nvim/runtime/autoload/provider/clipboard.vim
565.089  000.157: before starting main loop
565.304  000.215: first screen update
565.307  000.002: --- NVIM STARTED ---


times in msec
 clock   self+sourced   self:  sourced script
 clock   elapsed:              other lines

000.007  000.007: --- NVIM STARTING ---
000.231  000.224: event init
000.322  000.091: early init
000.509  000.187: locale set
000.555  000.046: init first window
000.887  000.332: inits 1
000.896  000.009: window checked
000.898  000.003: parsing arguments
001.440  000.039  000.039: require('vim.shared')
001.523  000.041  000.041: require('vim.inspect')
001.574  000.037  000.037: require('vim._options')
001.576  000.132  000.054: require('vim._editor')
001.578  000.231  000.060: require('vim._init_packages')
001.580  000.451: init lua interpreter
002.061  000.481: expanding arguments
002.089  000.028: inits 2
002.444  000.354: init highlight
